13:10:14: Creating resource group General
13:10:14: Creating resource group Internal
13:10:14: Creating resource group Autodetect
13:10:14: SceneManagerFactory for type 'DefaultSceneManager' registered.
13:10:14: Registering ResourceManager for type Material
13:10:14: Registering ResourceManager for type Mesh
13:10:14: Registering ResourceManager for type Skeleton
13:10:14: MovableObjectFactory for type 'ParticleSystem' registered.
13:10:14: OverlayElementFactory for type Panel registered.
13:10:14: OverlayElementFactory for type BorderPanel registered.
13:10:14: OverlayElementFactory for type TextArea registered.
13:10:14: Registering ResourceManager for type Font
13:10:14: ArchiveFactory for archive type FileSystem registered.
13:10:14: ArchiveFactory for archive type Zip registered.
13:10:14: ArchiveFactory for archive type EmbeddedZip registered.
13:10:14: DDS codec registering
13:10:14: FreeImage version: 3.13.1
13:10:14: This program uses FreeImage, a free, open source image library supporting all common bitmap formats. See http://freeimage.sourceforge.net for details
13:10:14: Supported formats: bmp,ico,jpg,jif,jpeg,jpe,jng,koa,iff,lbm,mng,pbm,pbm,pcd,pcx,pgm,pgm,png,ppm,ppm,ras,tga,targa,tif,tiff,wap,wbmp,wbm,psd,cut,xbm,xpm,gif,hdr,g3,sgi,exr,j2k,j2c,jp2,pfm,pct,pict,pic,bay,bmq,cr2,crw,cs1,dc2,dcr,dng,erf,fff,hdr,k25,kdc,mdc,mos,mrw,nef,orf,pef,pxn,raf,raw,rdc,sr2,srf,arw,3fr,cine,ia,kc2,mef,nrw,qtk,rw2,sti,drf,dsc,ptx,cap,iiq,rwz
13:10:14: Registering ResourceManager for type HighLevelGpuProgram
13:10:14: Registering ResourceManager for type Compositor
13:10:14: MovableObjectFactory for type 'Entity' registered.
13:10:14: MovableObjectFactory for type 'Light' registered.
13:10:14: MovableObjectFactory for type 'BillboardSet' registered.
13:10:14: MovableObjectFactory for type 'ManualObject' registered.
13:10:14: MovableObjectFactory for type 'BillboardChain' registered.
13:10:14: MovableObjectFactory for type 'RibbonTrail' registered.
13:10:14: Loading library /home/stagiaire/Téléchargements/ogre_src_v1-8-0/build/lib/RenderSystem_GL
13:10:14: Installing plugin: GL RenderSystem
13:10:14: OpenGL Rendering Subsystem created.
13:10:14: Plugin successfully installed
13:10:14: Loading library /home/stagiaire/Téléchargements/ogre_src_v1-8-0/build/lib/Plugin_ParticleFX
13:10:14: Installing plugin: ParticleFX
13:10:14: Particle Emitter Type 'Point' registered
13:10:14: Particle Emitter Type 'Box' registered
13:10:14: Particle Emitter Type 'Ellipsoid' registered
13:10:14: Particle Emitter Type 'Cylinder' registered
13:10:14: Particle Emitter Type 'Ring' registered
13:10:14: Particle Emitter Type 'HollowEllipsoid' registered
13:10:14: Particle Affector Type 'LinearForce' registered
13:10:14: Particle Affector Type 'ColourFader' registered
13:10:14: Particle Affector Type 'ColourFader2' registered
13:10:14: Particle Affector Type 'ColourImage' registered
13:10:14: Particle Affector Type 'ColourInterpolator' registered
13:10:14: Particle Affector Type 'Scaler' registered
13:10:14: Particle Affector Type 'Rotator' registered
13:10:14: Particle Affector Type 'DirectionRandomiser' registered
13:10:14: Particle Affector Type 'DeflectorPlane' registered
13:10:14: Plugin successfully installed
13:10:14: Loading library /home/stagiaire/Téléchargements/ogre_src_v1-8-0/build/lib/Plugin_BSPSceneManager
13:10:14: Installing plugin: BSP Scene Manager
13:10:14: Plugin successfully installed
13:10:14: Loading library /home/stagiaire/Téléchargements/ogre_src_v1-8-0/build/lib/Plugin_PCZSceneManager
13:10:14: Installing plugin: Portal Connected Zone Scene Manager
13:10:14: PCZone Factory Type 'ZoneType_Default' registered
13:10:14: Plugin successfully installed
13:10:14: Loading library /home/stagiaire/Téléchargements/ogre_src_v1-8-0/build/lib/Plugin_OctreeZone
13:10:14: Installing plugin: Octree Zone Factory
13:10:14: Plugin successfully installed
13:10:14: Loading library /home/stagiaire/Téléchargements/ogre_src_v1-8-0/build/lib/Plugin_OctreeSceneManager
13:10:14: Installing plugin: Octree Scene Manager
13:10:14: Plugin successfully installed
13:10:14: *-*-* OGRE Initialising
13:10:14: *-*-* Version 1.8.0 (Byatis)
13:10:14: Added resource location '../media' of type 'FileSystem' to resource group 'General'
13:10:14: Parsing scripts for resource group Autodetect
13:10:14: Finished parsing scripts for resource group Autodetect
13:10:14: Creating resources for group Autodetect
13:10:14: All done
13:10:14: Parsing scripts for resource group General
13:10:14: Parsing script Textures.material
13:10:14: Finished parsing scripts for resource group General
13:10:14: Creating resources for group General
13:10:14: All done
13:10:14: Parsing scripts for resource group Internal
13:10:14: Finished parsing scripts for resource group Internal
13:10:14: Creating resources for group Internal
13:10:14: All done
13:10:14: CPU Identifier & Features
13:10:14: -------------------------
13:10:14:  *   CPU ID: GenuineIntel: Intel(R) Core(TM)2 Duo CPU     E6550  @ 2.33GHz
13:10:14:  *      SSE: yes
13:10:14:  *     SSE2: yes
13:10:14:  *     SSE3: yes
13:10:14:  *      MMX: yes
13:10:14:  *   MMXEXT: yes
13:10:14:  *    3DNOW: no
13:10:14:  * 3DNOWEXT: no
13:10:14:  *     CMOV: yes
13:10:14:  *      TSC: yes
13:10:14:  *      FPU: yes
13:10:14:  *      PRO: yes
13:10:14:  *       HT: no
13:10:14: -------------------------
13:10:14: ******************************
*** Starting GLX Subsystem ***
******************************
13:10:14: Registering ResourceManager for type Texture
13:10:14: GLRenderSystem::_createRenderWindow "viewer3D", 800x600 windowed  miscParams: FSAA=0 displayFrequency=50 Hz gamma=No vsync=No 
13:10:14: OGRE EXCEPTION(6:FileNotFoundException): Cannot locate resource GLX_icon.png in resource group General or any other group. in ResourceGroupManager::openResource at /home/stagiaire/Téléchargements/ogre_src_v1-8-0/OgreMain/src/OgreResourceGroupManager.cpp (line 756)
13:10:14: GLXWindow::create used FBConfigID = 117
13:10:14: GL_VERSION = 3.3.0 NVIDIA 280.13
13:10:14: GL_VENDOR = NVIDIA Corporation
13:10:14: GL_RENDERER = GeForce 9500 GT/PCI/SSE2
13:10:14: GL_EXTENSIONS = GL_ARB_blend_func_extended GL_ARB_color_buffer_float GL_ARB_compatibility GL_ARB_copy_buffer GL_ARB_depth_buffer_float GL_ARB_depth_clamp GL_ARB_depth_texture GL_ARB_draw_buffers GL_ARB_draw_elements_base_vertex GL_ARB_draw_instanced GL_ARB_ES2_compatibility GL_ARB_explicit_attrib_location GL_ARB_fragment_coord_conventions GL_ARB_fragment_program GL_ARB_fragment_program_shadow GL_ARB_fragment_shader GL_ARB_framebuffer_object GL_ARB_framebuffer_sRGB GL_ARB_geometry_shader4 GL_ARB_get_program_binary GL_ARB_half_float_pixel GL_ARB_half_float_vertex GL_ARB_imaging GL_ARB_instanced_arrays GL_ARB_map_buffer_range GL_ARB_multisample GL_ARB_multitexture GL_ARB_occlusion_query GL_ARB_occlusion_query2 GL_ARB_pixel_buffer_object GL_ARB_point_parameters GL_ARB_point_sprite GL_ARB_provoking_vertex GL_ARB_robustness GL_ARB_sampler_objects GL_ARB_seamless_cube_map GL_ARB_separate_shader_objects GL_ARB_shader_bit_encoding GL_ARB_shader_objects GL_ARB_shading_language_100 GL_ARB_shading_language_include GL_ARB_shadow GL_ARB_sync GL_ARB_texture_border_clamp GL_ARB_texture_buffer_object GL_ARB_texture_compression GL_ARB_texture_compression_rgtc GL_ARB_texture_cube_map GL_ARB_texture_env_add GL_ARB_texture_env_combine GL_ARB_texture_env_crossbar GL_ARB_texture_env_dot3 GL_ARB_texture_float GL_ARB_texture_mirrored_repeat GL_ARB_texture_multisample GL_ARB_texture_non_power_of_two GL_ARB_texture_rectangle GL_ARB_texture_rg GL_ARB_texture_rgb10_a2ui GL_ARB_texture_swizzle GL_ARB_timer_query GL_ARB_transpose_matrix GL_ARB_uniform_buffer_object GL_ARB_vertex_array_bgra GL_ARB_vertex_array_object GL_ARB_vertex_buffer_object GL_ARB_vertex_program GL_ARB_vertex_shader GL_ARB_vertex_type_2_10_10_10_rev GL_ARB_viewport_array GL_ARB_window_pos GL_ATI_draw_buffers GL_ATI_texture_float GL_ATI_texture_mirror_once GL_S3_s3tc GL_EXT_texture_env_add GL_EXT_abgr GL_EXT_bgra GL_EXT_bindable_uniform GL_EXT_blend_color GL_EXT_blend_equation_separate GL_EXT_blend_func_separate GL_EXT_blend_minmax GL_EXT_blend_subtract GL_EXT_compiled_vertex_array GL_EXT_Cg_shader GL_EXT_depth_bounds_test GL_EXT_direct_state_access GL_EXT_draw_buffers2 GL_EXT_draw_instanced GL_EXT_draw_range_elements GL_EXT_fog_coord GL_EXT_framebuffer_blit GL_EXT_framebuffer_multisample GL_EXTX_framebuffer_mixed_formats GL_EXT_framebuffer_object GL_EXT_framebuffer_sRGB GL_EXT_geometry_shader4 GL_EXT_gpu_program_parameters GL_EXT_gpu_shader4 GL_EXT_multi_draw_arrays GL_EXT_packed_depth_stencil GL_EXT_packed_float GL_EXT_packed_pixels GL_EXT_pixel_buffer_object GL_EXT_point_parameters GL_EXT_provoking_vertex GL_EXT_rescale_normal GL_EXT_secondary_color GL_EXT_separate_shader_objects GL_EXT_separate_specular_color GL_EXT_shadow_funcs GL_EXT_stencil_two_side GL_EXT_stencil_wrap GL_EXT_texture3D GL_EXT_texture_array GL_EXT_texture_buffer_object GL_EXT_texture_compression_dxt1 GL_EXT_texture_compression_latc GL_EXT_texture_compression_rgtc GL_EXT_texture_compression_s3tc GL_EXT_texture_cube_map GL_EXT_texture_edge_clamp GL_EXT_texture_env_combine GL_EXT_texture_env_dot3 GL_EXT_texture_filter_anisotropic GL_EXT_texture_format_BGRA8888 GL_EXT_texture_integer GL_EXT_texture_lod GL_EXT_texture_lod_bias GL_EXT_texture_mirror_clamp GL_EXT_texture_object GL_EXT_texture_shared_exponent GL_EXT_texture_sRGB GL_EXT_texture_swizzle GL_EXT_texture_type_2_10_10_10_REV GL_EXT_timer_query GL_EXT_vertex_array GL_EXT_vertex_array_bgra GL_EXT_x11_sync_object GL_EXT_import_sync_object GL_IBM_rasterpos_clip GL_IBM_texture_mirrored_repeat GL_KTX_buffer_region GL_NV_alpha_test GL_NV_blend_minmax GL_NV_blend_square GL_NV_complex_primitives GL_NV_conditional_render GL_NV_copy_depth_to_color GL_NV_copy_image GL_NV_depth_buffer_float GL_NV_depth_clamp GL_NV_explicit_multisample GL_NV_fbo_color_attachments GL_NV_fence GL_NV_float_buffer GL_NV_fog_distance GL_NV_fragdepth GL_NV_fragment_program GL_NV_fragment_program_option GL_NV_fragment_program2 GL_NV_framebuffer_multisample_coverage GL_NV_geometry_shader4 GL_NV_gpu_program4 GL_NV_half_float GL_NV_light_max_exponent GL_NV_multisample_coverage GL_NV_multisample_filter_hint GL_NV_occlusion_query GL_NV_packed_depth_stencil GL_NV_parameter_buffer_object GL_NV_parameter_buffer_object2 GL_NV_path_rendering GL_NV_pixel_data_range GL_NV_point_sprite GL_NV_primitive_restart GL_NV_register_combiners GL_NV_register_combiners2 GL_NV_shader_buffer_load GL_NV_texgen_reflection GL_NV_texture_barrier GL_NV_texture_compression_vtc GL_NV_texture_env_combine4 GL_NV_texture_expand_normal GL_NV_texture_lod_clamp GL_NV_texture_multisample GL_NV_texture_rectangle GL_NV_texture_shader GL_NV_texture_shader2 GL_NV_texture_shader3 GL_NV_transform_feedback GL_NV_vdpau_interop GL_NV_vertex_array_range GL_NV_vertex_array_range2 GL_NV_vertex_buffer_unified_memory GL_NV_vertex_program GL_NV_vertex_program1_1 GL_NV_vertex_program2 GL_NV_vertex_program2_option GL_NV_vertex_program3 GL_NVX_conditional_render GL_NVX_gpu_memory_info GL_OES_depth24 GL_OES_depth32 GL_OES_depth_texture GL_OES_element_index_uint GL_OES_fbo_render_mipmap GL_OES_get_program_binary GL_OES_mapbuffer GL_OES_packed_depth_stencil GL_OES_rgb8_rgba8 GL_OES_standard_derivatives GL_OES_texture_3D GL_OES_texture_float GL_OES_texture_float_linear GL_OES_texture_half_float GL_OES_texture_half_float_linear GL_OES_texture_npot GL_OES_vertex_array_object GL_OES_vertex_half_float GL_SGIS_generate_mipmap GL_SGIS_texture_lod GL_SGIX_depth_texture GL_SGIX_shadow GL_SUN_slice_accum 
13:10:14: Supported GLX extensions: GLX_EXT_visual_info GLX_EXT_visual_rating GLX_SGIX_fbconfig GLX_SGIX_pbuffer GLX_SGI_video_sync GLX_SGI_swap_control GLX_EXT_swap_control GLX_EXT_texture_from_pixmap GLX_ARB_create_context GLX_ARB_create_context_profile GLX_EXT_create_context_es2_profile GLX_ARB_create_context_robustness GLX_ARB_multisample GLX_NV_float_buffer GLX_ARB_fbconfig_float GLX_EXT_framebuffer_sRGB GLX_ARB_get_proc_address 
13:10:14: ***************************
13:10:14: *** GL Renderer Started ***
13:10:14: ***************************
13:10:14: Registering ResourceManager for type GpuProgram
13:10:14: GLSL support detected
13:10:14: GL: Using GL_EXT_framebuffer_object for rendering to textures (best)
13:10:14: FBO PF_UNKNOWN depth/stencil support: D16S0 D24S0 D32S0 Packed-D24S8 
13:10:14: FBO PF_L8 depth/stencil support: D0S0 D16S0 D24S0 D32S0 Packed-D24S8 
13:10:14: FBO PF_A8 depth/stencil support: D0S0 D16S0 D24S0 D32S0 Packed-D24S8 
13:10:14: FBO PF_A4L4 depth/stencil support: D0S0 D16S0 D24S0 D32S0 Packed-D24S8 
13:10:14: FBO PF_BYTE_LA depth/stencil support: D0S0 D16S0 D24S0 D32S0 Packed-D24S8 
13:10:14: FBO PF_R5G6B5 depth/stencil support: D0S0 D16S0 D24S0 D32S0 Packed-D24S8 
13:10:14: FBO PF_B5G6R5 depth/stencil support: D0S0 D16S0 D24S0 D32S0 Packed-D24S8 
13:10:14: FBO PF_A4R4G4B4 depth/stencil support: D0S0 D16S0 D24S0 D32S0 Packed-D24S8 
13:10:14: FBO PF_A1R5G5B5 depth/stencil support: D0S0 D16S0 D24S0 D32S0 Packed-D24S8 
13:10:14: FBO PF_R8G8B8 depth/stencil support: D0S0 D16S0 D24S0 D32S0 Packed-D24S8 
13:10:14: FBO PF_B8G8R8 depth/stencil support: D0S0 D16S0 D24S0 D32S0 Packed-D24S8 
13:10:14: FBO PF_A8R8G8B8 depth/stencil support: D0S0 D16S0 D24S0 D32S0 Packed-D24S8 
13:10:14: FBO PF_B8G8R8A8 depth/stencil support: D0S0 D16S0 D24S0 D32S0 Packed-D24S8 
13:10:14: FBO PF_A2R10G10B10 depth/stencil support: D0S0 D16S0 D24S0 D32S0 Packed-D24S8 
13:10:14: FBO PF_A2B10G10R10 depth/stencil support: D0S0 D16S0 D24S0 D32S0 Packed-D24S8 
13:10:14: FBO PF_FLOAT16_RGB depth/stencil support: D0S0 D16S0 D24S0 D32S0 Packed-D24S8 
13:10:14: FBO PF_FLOAT16_RGBA depth/stencil support: D0S0 D16S0 D24S0 D32S0 Packed-D24S8 
13:10:14: FBO PF_FLOAT32_RGB depth/stencil support: D0S0 D16S0 D24S0 D32S0 Packed-D24S8 
13:10:14: FBO PF_FLOAT32_RGBA depth/stencil support: D0S0 D16S0 D24S0 D32S0 Packed-D24S8 
13:10:14: FBO PF_X8R8G8B8 depth/stencil support: D0S0 D16S0 D24S0 D32S0 Packed-D24S8 
13:10:14: FBO PF_X8B8G8R8 depth/stencil support: D0S0 D16S0 D24S0 D32S0 Packed-D24S8 
13:10:14: FBO PF_SHORT_RGBA depth/stencil support: D0S0 D16S0 D24S0 D32S0 Packed-D24S8 
13:10:14: FBO PF_R3G3B2 depth/stencil support: D0S0 D16S0 D24S0 D32S0 Packed-D24S8 
13:10:14: FBO PF_FLOAT16_R depth/stencil support: D0S0 D16S0 D24S0 D32S0 Packed-D24S8 
13:10:14: FBO PF_FLOAT32_R depth/stencil support: D0S0 D16S0 D24S0 D32S0 Packed-D24S8 
13:10:14: FBO PF_FLOAT16_GR depth/stencil support: D0S0 D16S0 D24S0 D32S0 Packed-D24S8 
13:10:14: FBO PF_FLOAT32_GR depth/stencil support: D0S0 D16S0 D24S0 D32S0 Packed-D24S8 
13:10:14: FBO PF_SHORT_RGB depth/stencil support: D0S0 D16S0 D24S0 D32S0 Packed-D24S8 
13:10:14: [GL] : Valid FBO targets PF_UNKNOWN PF_L8 PF_A8 PF_A4L4 PF_BYTE_LA PF_R5G6B5 PF_B5G6R5 PF_A4R4G4B4 PF_A1R5G5B5 PF_R8G8B8 PF_B8G8R8 PF_A8R8G8B8 PF_B8G8R8A8 PF_A2R10G10B10 PF_A2B10G10R10 PF_FLOAT16_RGB PF_FLOAT16_RGBA PF_FLOAT32_RGB PF_FLOAT32_RGBA PF_X8R8G8B8 PF_X8B8G8R8 PF_SHORT_RGBA PF_R3G3B2 PF_FLOAT16_R PF_FLOAT32_R PF_FLOAT16_GR PF_FLOAT32_GR PF_SHORT_RGB 
13:10:14: RenderSystem capabilities
13:10:14: -------------------------
13:10:14: RenderSystem Name: OpenGL Rendering Subsystem
13:10:14: GPU Vendor: nvidia
13:10:14: Device Name: GeForce 9500 GT/PCI/SSE2
13:10:14: Driver Version: 3.3.0.0
13:10:14:  * Fixed function pipeline: yes
13:10:14:  * Hardware generation of mipmaps: yes
13:10:14:  * Texture blending: yes
13:10:14:  * Anisotropic texture filtering: yes
13:10:14:  * Dot product texture operation: yes
13:10:14:  * Cube mapping: yes
13:10:14:  * Hardware stencil buffer: yes
13:10:14:    - Stencil depth: 8
13:10:14:    - Two sided stencil support: yes
13:10:14:    - Wrap stencil values: yes
13:10:14:  * Hardware vertex / index buffers: yes
13:10:14:  * Vertex programs: yes
13:10:14:  * Number of floating-point constants for vertex programs: 1024
13:10:14:  * Number of integer constants for vertex programs: 0
13:10:14:  * Number of boolean constants for vertex programs: 0
13:10:14:  * Fragment programs: yes
13:10:14:  * Number of floating-point constants for fragment programs: 512
13:10:14:  * Number of integer constants for fragment programs: 0
13:10:14:  * Number of boolean constants for fragment programs: 0
13:10:14:  * Geometry programs: yes
13:10:14:  * Number of floating-point constants for geometry programs: 2048
13:10:14:  * Number of integer constants for geometry programs: 0
13:10:14:  * Number of boolean constants for geometry programs: 0
13:10:14:  * Supported Shader Profiles: arbfp1 arbvp1 fp20 fp30 fp40 glsl gp4fp gp4gp gp4vp gpu_fp gpu_gp gpu_vp nvgp4 vp30 vp40
13:10:14:  * Texture Compression: yes
13:10:14:    - DXT: yes
13:10:14:    - VTC: yes
13:10:14:    - PVRTC: no
13:10:14:  * Scissor Rectangle: yes
13:10:14:  * Hardware Occlusion Query: yes
13:10:14:  * User clip planes: yes
13:10:14:  * VET_UBYTE4 vertex element type: yes
13:10:14:  * Infinite far plane projection: yes
13:10:14:  * Hardware render-to-texture: yes
13:10:14:  * Floating point textures: yes
13:10:14:  * Non-power-of-two textures: yes
13:10:14:  * Volume textures: yes
13:10:14:  * Multiple Render Targets: 8
13:10:14:    - With different bit depths: yes
13:10:14:  * Point Sprites: yes
13:10:14:  * Extended point parameters: yes
13:10:14:  * Max Point Size: 63.375
13:10:14:  * Vertex texture fetch: yes
13:10:14:  * Number of world matrices: 0
13:10:14:  * Number of texture units: 32
13:10:14:  * Stencil buffer depth: 8
13:10:14:  * Number of vertex blend matrices: 0
13:10:14:    - Max vertex textures: 32
13:10:14:    - Vertex textures shared: yes
13:10:14:  * Render to Vertex Buffer : yes
13:10:14:  * GL 1.5 without VBO workaround: no
13:10:14:  * Frame Buffer objects: yes
13:10:14:  * Frame Buffer objects (ARB extension): no
13:10:14:  * Frame Buffer objects (ATI extension): no
13:10:14:  * PBuffer support: yes
13:10:14:  * GL 1.5 without HW-occlusion workaround: no
13:10:14:  * Separate shader objects: no
13:10:14: DefaultWorkQueue('Root') initialising on thread 0x1530790.
13:10:14: DefaultWorkQueue('Root')::WorkerFunc - thread 0x1589420 starting.
13:10:14: Particle Renderer Type 'billboard' registered
13:10:14: SceneManagerFactory for type 'BspSceneManager' registered.
13:10:14: Registering ResourceManager for type BspLevel
13:10:14: SceneManagerFactory for type 'PCZSceneManager' registered.
13:10:14: MovableObjectFactory for type 'PCZLight' registered.
13:10:14: MovableObjectFactory for type 'Portal' registered.
13:10:14: MovableObjectFactory for type 'AntiPortal' registered.
13:10:14: PCZone Factory Type 'ZoneType_Octree' registered
13:10:14: SceneManagerFactory for type 'OctreeSceneManager' registered.
13:10:14: DefaultWorkQueue('Root')::WorkerFunc - thread 0x17c4740 starting.
13:10:14: Texture: cursor.png: Loading 1 faces(PF_A8R8G8B8,17x23x1) with 4 generated mipmaps from Image. Internal format is PF_A8R8G8B8,17x23x1.
13:10:14: Texture: selected.jpg: Loading 1 faces(PF_R8G8B8,600x600x1) with 5 generated mipmaps from Image. Internal format is PF_X8R8G8B8,600x600x1.
13:10:14: Texture: unselected.jpg: Loading 1 faces(PF_R8G8B8,640x480x1) with 5 generated mipmaps from Image. Internal format is PF_X8R8G8B8,640x480x1.
13:10:16: Texture: groupSelected.jpg: Loading 1 faces(PF_R8G8B8,350x350x1) with 5 generated mipmaps from Image. Internal format is PF_X8R8G8B8,350x350x1.
13:10:18: DefaultWorkQueue('Root') shutting down on thread 0x1530790.
13:10:18: DefaultWorkQueue('Root')::WorkerFunc - thread 0x17c4740 stopped.
13:10:18: DefaultWorkQueue('Root')::WorkerFunc - thread 0x1589420 stopped.
13:10:18: PCZone Factory Type 'ZoneType_Octree' unregistered
13:10:18: Unregistering ResourceManager for type BspLevel
13:10:18: *-*-* OGRE Shutdown
13:10:18: Unregistering ResourceManager for type Compositor
13:10:18: Unregistering ResourceManager for type Font
13:10:18: Unregistering ResourceManager for type Skeleton
13:10:18: Unregistering ResourceManager for type Mesh
13:10:18: Unregistering ResourceManager for type HighLevelGpuProgram
13:10:18: Uninstalling plugin: Octree Scene Manager
13:10:18: Plugin successfully uninstalled
13:10:18: Unloading library /home/stagiaire/Téléchargements/ogre_src_v1-8-0/build/lib/Plugin_OctreeSceneManager
13:10:18: Uninstalling plugin: Octree Zone Factory
13:10:18: Plugin successfully uninstalled
13:10:18: Unloading library /home/stagiaire/Téléchargements/ogre_src_v1-8-0/build/lib/Plugin_OctreeZone
13:10:18: Uninstalling plugin: Portal Connected Zone Scene Manager
13:10:18: Plugin successfully uninstalled
13:10:18: Unloading library /home/stagiaire/Téléchargements/ogre_src_v1-8-0/build/lib/Plugin_PCZSceneManager
13:10:18: Uninstalling plugin: BSP Scene Manager
13:10:18: Plugin successfully uninstalled
13:10:18: Unloading library /home/stagiaire/Téléchargements/ogre_src_v1-8-0/build/lib/Plugin_BSPSceneManager
13:10:18: Uninstalling plugin: ParticleFX
13:10:18: Plugin successfully uninstalled
13:10:18: Unloading library /home/stagiaire/Téléchargements/ogre_src_v1-8-0/build/lib/Plugin_ParticleFX
13:10:18: Uninstalling plugin: GL RenderSystem
13:10:18: Unregistering ResourceManager for type GpuProgram
13:10:18: ******************************
*** Stopping GLX Subsystem ***
******************************
13:10:18: Unregistering ResourceManager for type Texture
13:10:18: Plugin successfully uninstalled
13:10:18: Unloading library /home/stagiaire/Téléchargements/ogre_src_v1-8-0/build/lib/RenderSystem_GL
13:10:18: Unregistering ResourceManager for type Material
